<?xml version="1.0" encoding="UTF-8"?>
<!-- Generated by org.testng.reporters.JUnitReportReporter -->
<testsuite hostname="M1508486.local" name="admin.sothelabs.testCases.Consignment" tests="4" failures="0" timestamp="14 Jan 2019 20:09:33 GMT" time="41.539" errors="0">
  <testcase name="editConsignment" time="9.648" classname="admin.sothelabs.testCases.Consignment"/>
  <testcase name="removeObjectsFromConsignment" time="5.639" classname="admin.sothelabs.testCases.Consignment"/>
  <testcase name="createNewConsignment" time="11.002" classname="admin.sothelabs.testCases.Consignment"/>
  <testcase name="addObjectsToConsignment" time="15.250" classname="admin.sothelabs.testCases.Consignment"/>
</testsuite> <!-- admin.sothelabs.testCases.Consignment -->
