<?xml version="1.0" encoding="UTF-8"?>
<!-- Generated by org.testng.reporters.JUnitReportReporter -->
<testsuite hostname="M1508486.local" name="admin.sothelabs.testCases.Auction" tests="5" failures="0" timestamp="14 Jan 2019 20:09:33 GMT" time="84.239" errors="0">
  <testcase name="createAuction" time="25.173" classname="admin.sothelabs.testCases.Auction"/>
  <testcase name="publishAuction" time="8.256" classname="admin.sothelabs.testCases.Auction"/>
  <testcase name="addAndRemoveLots" time="22.005" classname="admin.sothelabs.testCases.Auction"/>
  <testcase name="editAuction" time="4.355" classname="admin.sothelabs.testCases.Auction"/>
  <testcase name="addAndPublishLots" time="24.450" classname="admin.sothelabs.testCases.Auction"/>
</testsuite> <!-- admin.sothelabs.testCases.Auction -->
