<?xml version="1.0" encoding="UTF-8"?>
<!-- Generated by org.testng.reporters.JUnitReportReporter -->
<testsuite hostname="M1508486.local" name="admin.sothelabs.testCases.Consignment" tests="4" failures="0" timestamp="1 Feb 2019 16:44:57 GMT" time="42.746" errors="0">
  <testcase name="addObjectsToConsignment" time="14.568" classname="admin.sothelabs.testCases.Consignment"/>
  <testcase name="editConsignment" time="10.609" classname="admin.sothelabs.testCases.Consignment"/>
  <testcase name="createNewConsignment" time="11.327" classname="admin.sothelabs.testCases.Consignment"/>
  <testcase name="removeObjectsFromConsignment" time="6.242" classname="admin.sothelabs.testCases.Consignment"/>
</testsuite> <!-- admin.sothelabs.testCases.Consignment -->
