<?xml version="1.0" encoding="UTF-8"?>
<!-- Generated by org.testng.reporters.JUnitReportReporter -->
<testsuite hostname="M1508486.local" name="admin.sothelabs.testCases.CreateObject" tests="2" failures="0" timestamp="18 Dec 2018 15:45:27 GMT" time="54.394" errors="0">
  <testcase name="editAndSaveObject" time="25.265" classname="admin.sothelabs.testCases.CreateObject"/>
  <testcase name="createNewObject" time="29.129" classname="admin.sothelabs.testCases.CreateObject"/>
</testsuite> <!-- admin.sothelabs.testCases.CreateObject -->
