<?xml version="1.0" encoding="UTF-8"?>
<!-- Generated by org.testng.reporters.JUnitReportReporter -->
<testsuite hostname="M1508486.local" name="admin.sothelabs.testCases.Consignment" tests="4" failures="0" timestamp="29 Jan 2019 19:56:05 GMT" time="37.601" errors="0">
  <testcase name="addObjectsToConsignment" time="13.383" classname="admin.sothelabs.testCases.Consignment"/>
  <testcase name="createNewConsignment" time="9.905" classname="admin.sothelabs.testCases.Consignment"/>
  <testcase name="editConsignment" time="9.197" classname="admin.sothelabs.testCases.Consignment"/>
  <testcase name="removeObjectsFromConsignment" time="5.116" classname="admin.sothelabs.testCases.Consignment"/>
</testsuite> <!-- admin.sothelabs.testCases.Consignment -->
