<?xml version="1.0" encoding="UTF-8"?>
<!-- Generated by org.testng.reporters.JUnitReportReporter -->
<testsuite hostname="M1508486.local" name="admin.sothelabs.testCases.Auction" tests="5" failures="0" timestamp="1 Feb 2019 16:44:57 GMT" time="92.430" errors="0">
  <testcase name="publishAuction" time="10.409" classname="admin.sothelabs.testCases.Auction"/>
  <testcase name="addAndRemoveLots" time="23.441" classname="admin.sothelabs.testCases.Auction"/>
  <testcase name="addAndPublishLots" time="27.184" classname="admin.sothelabs.testCases.Auction"/>
  <testcase name="createAuction" time="26.665" classname="admin.sothelabs.testCases.Auction"/>
  <testcase name="editAuction" time="4.731" classname="admin.sothelabs.testCases.Auction"/>
</testsuite> <!-- admin.sothelabs.testCases.Auction -->
