<?xml version="1.0" encoding="UTF-8"?>
<!-- Generated by org.testng.reporters.JUnitReportReporter -->
<testsuite hostname="M1508486.local" name="admin.sothelabs.testCases.CreateObject" tests="2" failures="0" timestamp="10 Jan 2019 16:10:20 GMT" time="46.069" errors="0">
  <testcase name="createNewObject" time="19.226" classname="admin.sothelabs.testCases.CreateObject"/>
  <testcase name="editAndSaveObject" time="26.843" classname="admin.sothelabs.testCases.CreateObject"/>
</testsuite> <!-- admin.sothelabs.testCases.CreateObject -->
