<?xml version="1.0" encoding="UTF-8"?>
<!-- Generated by org.testng.reporters.JUnitReportReporter -->
<testsuite hostname="M1508486.local" name="admin.sothelabs.testCases.Auction" tests="5" failures="0" timestamp="28 Jan 2019 18:35:20 GMT" time="86.726" errors="0">
  <testcase name="addAndPublishLots" time="26.884" classname="admin.sothelabs.testCases.Auction"/>
  <testcase name="createAuction" time="24.834" classname="admin.sothelabs.testCases.Auction"/>
  <testcase name="addAndRemoveLots" time="20.954" classname="admin.sothelabs.testCases.Auction"/>
  <testcase name="editAuction" time="4.324" classname="admin.sothelabs.testCases.Auction"/>
  <testcase name="publishAuction" time="9.730" classname="admin.sothelabs.testCases.Auction"/>
</testsuite> <!-- admin.sothelabs.testCases.Auction -->
