<?xml version="1.0" encoding="UTF-8"?>
<!-- Generated by org.testng.reporters.JUnitReportReporter -->
<testsuite hostname="M1508486.local" name="admin.sothelabs.testCases.Consignment" tests="4" failures="0" timestamp="11 Jan 2019 15:31:19 GMT" time="40.472" errors="0">
  <testcase name="removeObjectsFromConsignment" time="5.112" classname="admin.sothelabs.testCases.Consignment"/>
  <testcase name="editConsignment" time="10.224" classname="admin.sothelabs.testCases.Consignment"/>
  <testcase name="createNewConsignment" time="10.253" classname="admin.sothelabs.testCases.Consignment"/>
  <testcase name="addObjectsToConsignment" time="14.883" classname="admin.sothelabs.testCases.Consignment"/>
</testsuite> <!-- admin.sothelabs.testCases.Consignment -->
