<?xml version="1.0" encoding="UTF-8"?>
<!-- Generated by org.testng.reporters.JUnitReportReporter -->
<testsuite hostname="M1508486.local" name="admin.sothelabs.testCases.Consignment" tests="4" failures="0" timestamp="4 Feb 2019 15:54:25 GMT" time="40.947" errors="0">
  <testcase name="addObjectsToConsignment" time="13.906" classname="admin.sothelabs.testCases.Consignment"/>
  <testcase name="editConsignment" time="10.023" classname="admin.sothelabs.testCases.Consignment"/>
  <testcase name="createNewConsignment" time="10.929" classname="admin.sothelabs.testCases.Consignment"/>
  <testcase name="removeObjectsFromConsignment" time="6.089" classname="admin.sothelabs.testCases.Consignment"/>
</testsuite> <!-- admin.sothelabs.testCases.Consignment -->
