<?xml version="1.0" encoding="UTF-8"?>
<!-- Generated by org.testng.reporters.JUnitReportReporter -->
<testsuite hostname="M1508486.local" name="admin.sothelabs.testCases.Consignment" tests="4" failures="0" timestamp="18 Dec 2018 15:46:54 GMT" time="27.625" errors="0">
  <testcase name="addObjectsToConsignment" time="11.701" classname="admin.sothelabs.testCases.Consignment"/>
  <testcase name="removeObjectsFromConsignment" time="3.166" classname="admin.sothelabs.testCases.Consignment"/>
  <testcase name="createNewConsignment" time="3.594" classname="admin.sothelabs.testCases.Consignment"/>
  <testcase name="editConsignment" time="9.164" classname="admin.sothelabs.testCases.Consignment"/>
</testsuite> <!-- admin.sothelabs.testCases.Consignment -->
