<?xml version="1.0" encoding="UTF-8"?>
<!-- Generated by org.testng.reporters.JUnitReportReporter -->
<testsuite hostname="M1508486.local" name="admin.sothelabs.testCases.CreateObject" tests="2" failures="0" timestamp="1 Feb 2019 16:44:57 GMT" time="48.126" errors="0">
  <testcase name="editObject" time="27.918" classname="admin.sothelabs.testCases.CreateObject"/>
  <testcase name="createNewObject" time="20.208" classname="admin.sothelabs.testCases.CreateObject"/>
</testsuite> <!-- admin.sothelabs.testCases.CreateObject -->
