<?xml version="1.0" encoding="UTF-8"?>
<!-- Generated by org.testng.reporters.JUnitReportReporter -->
<testsuite hostname="M1508486.local" name="admin.sothelabs.testCases.CreateObject" tests="2" failures="0" timestamp="28 Jan 2019 18:35:20 GMT" time="47.388" errors="0">
  <testcase name="editObject" time="27.555" classname="admin.sothelabs.testCases.CreateObject"/>
  <testcase name="createNewObject" time="19.833" classname="admin.sothelabs.testCases.CreateObject"/>
</testsuite> <!-- admin.sothelabs.testCases.CreateObject -->
