<?xml version="1.0" encoding="UTF-8"?>
<!-- Generated by org.testng.reporters.JUnitReportReporter -->
<testsuite hostname="M1508486.local" name="admin.sothelabs.testCases.Consignment" tests="4" failures="0" timestamp="7 Jan 2019 20:49:56 GMT" time="33.407" errors="0">
  <testcase name="addObjectsToConsignment" time="14.233" classname="admin.sothelabs.testCases.Consignment"/>
  <testcase name="editConsignment" time="9.483" classname="admin.sothelabs.testCases.Consignment"/>
  <testcase name="createNewConsignment" time="4.612" classname="admin.sothelabs.testCases.Consignment"/>
  <testcase name="removeObjectsFromConsignment" time="5.079" classname="admin.sothelabs.testCases.Consignment"/>
</testsuite> <!-- admin.sothelabs.testCases.Consignment -->
