<?xml version="1.0" encoding="UTF-8"?>
<!-- Generated by org.testng.reporters.JUnitReportReporter -->
<testsuite hostname="M1508486.local" name="admin.sothelabs.testCases.Auction" tests="3" failures="0" timestamp="7 Jan 2019 20:49:56 GMT" time="68.961" errors="0">
  <testcase name="createAndPublishAuction" time="24.025" classname="admin.sothelabs.testCases.Auction"/>
  <testcase name="addAndRemoveLots" time="22.577" classname="admin.sothelabs.testCases.Auction"/>
  <testcase name="addAndPublishLots" time="22.359" classname="admin.sothelabs.testCases.Auction"/>
</testsuite> <!-- admin.sothelabs.testCases.Auction -->
