<?xml version="1.0" encoding="UTF-8"?>
<!-- Generated by org.testng.reporters.JUnitReportReporter -->
<testsuite hostname="M1508486.local" name="admin.sothelabs.testCases.Auction" tests="3" failures="0" timestamp="10 Jan 2019 16:10:20 GMT" time="69.256" errors="0">
  <testcase name="createAndPublishAuction" time="24.397" classname="admin.sothelabs.testCases.Auction"/>
  <testcase name="addAndRemoveLots" time="20.766" classname="admin.sothelabs.testCases.Auction"/>
  <testcase name="addAndPublishLots" time="24.093" classname="admin.sothelabs.testCases.Auction"/>
</testsuite> <!-- admin.sothelabs.testCases.Auction -->
