<?xml version="1.0" encoding="UTF-8"?>
<!-- Generated by org.testng.reporters.JUnitReportReporter -->
<testsuite hostname="M1508486.local" name="admin.sothelabs.testCases.Auction" tests="3" failures="0" timestamp="8 Jan 2019 15:49:23 GMT" time="113.769" errors="0">
  <testcase name="createAndPublishAuction" time="67.651" classname="admin.sothelabs.testCases.Auction"/>
  <testcase name="addAndRemoveLots" time="22.744" classname="admin.sothelabs.testCases.Auction"/>
  <testcase name="addAndPublishLots" time="23.374" classname="admin.sothelabs.testCases.Auction"/>
</testsuite> <!-- admin.sothelabs.testCases.Auction -->
