<?xml version="1.0" encoding="UTF-8"?>
<!-- Generated by org.testng.reporters.JUnitReportReporter -->
<testsuite hostname="M1508486.local" name="admin.sothelabs.testCases.CreateObject" tests="2" failures="0" timestamp="14 Jan 2019 20:09:33 GMT" time="47.584" errors="0">
  <testcase name="editObject" time="27.770" classname="admin.sothelabs.testCases.CreateObject"/>
  <testcase name="createNewObject" time="19.814" classname="admin.sothelabs.testCases.CreateObject"/>
</testsuite> <!-- admin.sothelabs.testCases.CreateObject -->
