<?xml version="1.0" encoding="UTF-8"?>
<!-- Generated by org.testng.reporters.JUnitReportReporter -->
<testsuite hostname="M1508486.local" name="admin.sothelabs.testCases.Auction" tests="1" failures="0" timestamp="10 Jan 2019 20:46:47 GMT" time="26.301" errors="0">
  <testcase name="createAndPublishAuction" time="26.301" classname="admin.sothelabs.testCases.Auction"/>
</testsuite> <!-- admin.sothelabs.testCases.Auction -->
