<?xml version="1.0" encoding="UTF-8"?>
<!-- Generated by org.testng.reporters.JUnitReportReporter -->
<testsuite hostname="M1508486.local" name="admin.sothelabs.testCases.CreateObject" tests="2" failures="0" timestamp="7 Jan 2019 20:49:56 GMT" time="48.191" errors="0">
  <testcase name="createNewObject" time="19.717" classname="admin.sothelabs.testCases.CreateObject"/>
  <testcase name="editAndSaveObject" time="28.474" classname="admin.sothelabs.testCases.CreateObject"/>
</testsuite> <!-- admin.sothelabs.testCases.CreateObject -->
