<?xml version="1.0" encoding="UTF-8"?>
<!-- Generated by org.testng.reporters.JUnitReportReporter -->
<testsuite hostname="M1508486.local" name="admin.sothelabs.testCases.Consignment" tests="1" failures="0" timestamp="9 Jan 2019 17:18:23 GMT" time="7.623" errors="0">
  <testcase name="createNewConsignment" time="7.623" classname="admin.sothelabs.testCases.Consignment"/>
</testsuite> <!-- admin.sothelabs.testCases.Consignment -->
