<?xml version="1.0" encoding="UTF-8"?>
<!-- Generated by org.testng.reporters.JUnitReportReporter -->
<testsuite hostname="M1508486.local" name="admin.sothelabs.testCases.Auction" tests="5" failures="0" timestamp="8 Feb 2019 15:39:11 GMT" time="87.460" errors="0">
  <testcase name="addAndPublishLots" time="24.461" classname="admin.sothelabs.testCases.Auction"/>
  <testcase name="addAndRemoveLots" time="21.702" classname="admin.sothelabs.testCases.Auction"/>
  <testcase name="editAuction" time="3.859" classname="admin.sothelabs.testCases.Auction"/>
  <testcase name="publishAuction" time="9.563" classname="admin.sothelabs.testCases.Auction"/>
  <testcase name="createAuction" time="27.875" classname="admin.sothelabs.testCases.Auction"/>
</testsuite> <!-- admin.sothelabs.testCases.Auction -->
