<?xml version="1.0" encoding="UTF-8"?>
<!-- Generated by org.testng.reporters.JUnitReportReporter -->
<testsuite hostname="M1508486.local" name="admin.sothelabs.testCases.Consignment" tests="4" failures="0" timestamp="29 Jan 2019 16:12:41 GMT" time="41.094" errors="0">
  <testcase name="editConsignment" time="10.085" classname="admin.sothelabs.testCases.Consignment"/>
  <testcase name="removeObjectsFromConsignment" time="6.026" classname="admin.sothelabs.testCases.Consignment"/>
  <testcase name="createNewConsignment" time="10.832" classname="admin.sothelabs.testCases.Consignment"/>
  <testcase name="addObjectsToConsignment" time="14.151" classname="admin.sothelabs.testCases.Consignment"/>
</testsuite> <!-- admin.sothelabs.testCases.Consignment -->
