<?xml version="1.0" encoding="UTF-8"?>
<!-- Generated by org.testng.reporters.JUnitReportReporter -->
<testsuite hostname="M1508486.local" name="admin.sothelabs.testCases.Consignment" tests="4" failures="0" timestamp="8 Feb 2019 15:39:11 GMT" time="40.209" errors="0">
  <testcase name="createNewConsignment" time="10.481" classname="admin.sothelabs.testCases.Consignment"/>
  <testcase name="removeObjectsFromConsignment" time="6.148" classname="admin.sothelabs.testCases.Consignment"/>
  <testcase name="addObjectsToConsignment" time="13.989" classname="admin.sothelabs.testCases.Consignment"/>
  <testcase name="editConsignment" time="9.591" classname="admin.sothelabs.testCases.Consignment"/>
</testsuite> <!-- admin.sothelabs.testCases.Consignment -->
