<?xml version="1.0" encoding="UTF-8"?>
<!-- Generated by org.testng.reporters.JUnitReportReporter -->
<testsuite hostname="M1508486.local" name="admin.sothelabs.testCases.Consignment" tests="4" failures="0" timestamp="23 Jan 2019 15:40:50 GMT" time="37.690" errors="0">
  <testcase name="createNewConsignment" time="9.571" classname="admin.sothelabs.testCases.Consignment"/>
  <testcase name="removeObjectsFromConsignment" time="4.967" classname="admin.sothelabs.testCases.Consignment"/>
  <testcase name="addObjectsToConsignment" time="14.089" classname="admin.sothelabs.testCases.Consignment"/>
  <testcase name="editConsignment" time="9.063" classname="admin.sothelabs.testCases.Consignment"/>
</testsuite> <!-- admin.sothelabs.testCases.Consignment -->
