<?xml version="1.0" encoding="UTF-8"?>
<!-- Generated by org.testng.reporters.JUnitReportReporter -->
<testsuite hostname="M1508486.local" name="admin.sothelabs.testCases.CreateObject" tests="2" failures="0" timestamp="4 Feb 2019 15:54:25 GMT" time="47.409" errors="0">
  <testcase name="editObject" time="27.422" classname="admin.sothelabs.testCases.CreateObject"/>
  <testcase name="createNewObject" time="19.987" classname="admin.sothelabs.testCases.CreateObject"/>
</testsuite> <!-- admin.sothelabs.testCases.CreateObject -->
