<?xml version="1.0" encoding="UTF-8"?>
<!-- Generated by org.testng.reporters.JUnitReportReporter -->
<testsuite hostname="M1508486.local" name="admin.sothelabs.testCases.Auction" tests="5" failures="0" timestamp="4 Feb 2019 15:54:25 GMT" time="84.281" errors="0">
  <testcase name="publishAuction" time="7.902" classname="admin.sothelabs.testCases.Auction"/>
  <testcase name="addAndRemoveLots" time="20.482" classname="admin.sothelabs.testCases.Auction"/>
  <testcase name="addAndPublishLots" time="24.573" classname="admin.sothelabs.testCases.Auction"/>
  <testcase name="createAuction" time="27.112" classname="admin.sothelabs.testCases.Auction"/>
  <testcase name="editAuction" time="4.212" classname="admin.sothelabs.testCases.Auction"/>
</testsuite> <!-- admin.sothelabs.testCases.Auction -->
