<?xml version="1.0" encoding="UTF-8"?>
<!-- Generated by org.testng.reporters.JUnitReportReporter -->
<testsuite hostname="M1508486.local" name="admin.sothelabs.testCases.CreateObject" tests="2" failures="0" timestamp="8 Jan 2019 15:49:23 GMT" time="52.609" errors="0">
  <testcase name="createNewObject" time="19.356" classname="admin.sothelabs.testCases.CreateObject"/>
  <testcase name="editAndSaveObject" time="33.253" classname="admin.sothelabs.testCases.CreateObject"/>
</testsuite> <!-- admin.sothelabs.testCases.CreateObject -->
