<?xml version="1.0" encoding="UTF-8"?>
<!-- Generated by org.testng.reporters.JUnitReportReporter -->
<testsuite hostname="M1508486.local" name="admin.sothelabs.testCases.Consignment" tests="4" failures="0" timestamp="28 Jan 2019 18:35:20 GMT" time="39.910" errors="0">
  <testcase name="addObjectsToConsignment" time="13.957" classname="admin.sothelabs.testCases.Consignment"/>
  <testcase name="removeObjectsFromConsignment" time="5.683" classname="admin.sothelabs.testCases.Consignment"/>
  <testcase name="editConsignment" time="9.796" classname="admin.sothelabs.testCases.Consignment"/>
  <testcase name="createNewConsignment" time="10.474" classname="admin.sothelabs.testCases.Consignment"/>
</testsuite> <!-- admin.sothelabs.testCases.Consignment -->
