<?xml version="1.0" encoding="UTF-8"?>
<!-- Generated by org.testng.reporters.JUnitReportReporter -->
<testsuite hostname="M1508486.local" name="admin.sothelabs.testCases.Auction" tests="2" failures="0" timestamp="18 Dec 2018 15:51:25 GMT" time="19.505" errors="0">
  <testcase name="createAndPublishAuction" time="19.504" classname="admin.sothelabs.testCases.Auction"/>
  <testcase name="editAuction" time="0.001" classname="admin.sothelabs.testCases.Auction"/>
</testsuite> <!-- admin.sothelabs.testCases.Auction -->
