<?xml version="1.0" encoding="UTF-8"?>
<!-- Generated by org.testng.reporters.JUnitReportReporter -->
<testsuite hostname="M1508486.local" name="admin.sothelabs.testCases.CreateObject" tests="2" failures="0" timestamp="23 Jan 2019 15:40:50 GMT" time="46.325" errors="0">
  <testcase name="createNewObject" time="19.338" classname="admin.sothelabs.testCases.CreateObject"/>
  <testcase name="editObject" time="26.987" classname="admin.sothelabs.testCases.CreateObject"/>
</testsuite> <!-- admin.sothelabs.testCases.CreateObject -->
