<?xml version="1.0" encoding="UTF-8"?>
<!-- Generated by org.testng.reporters.JUnitReportReporter -->
<testsuite hostname="M1508486.local" name="admin.sothelabs.testCases.Consignment" tests="4" failures="0" timestamp="8 Jan 2019 15:49:23 GMT" time="157.606" errors="0">
  <testcase name="addObjectsToConsignment" time="64.970" classname="admin.sothelabs.testCases.Consignment"/>
  <testcase name="editConsignment" time="24.328" classname="admin.sothelabs.testCases.Consignment"/>
  <testcase name="createNewConsignment" time="26.551" classname="admin.sothelabs.testCases.Consignment"/>
  <testcase name="removeObjectsFromConsignment" time="41.757" classname="admin.sothelabs.testCases.Consignment"/>
</testsuite> <!-- admin.sothelabs.testCases.Consignment -->
