<?xml version="1.0" encoding="UTF-8"?>
<!-- Generated by org.testng.reporters.JUnitReportReporter -->
<testsuite hostname="M1508486.local" name="admin.sothelabs.testCases.CreateObject" tests="2" failures="0" timestamp="8 Feb 2019 15:39:11 GMT" time="48.627" errors="0">
  <testcase name="createNewObject" time="20.152" classname="admin.sothelabs.testCases.CreateObject"/>
  <testcase name="editObject" time="28.475" classname="admin.sothelabs.testCases.CreateObject"/>
</testsuite> <!-- admin.sothelabs.testCases.CreateObject -->
