<?xml version="1.0" encoding="UTF-8"?>
<!-- Generated by org.testng.reporters.JUnitReportReporter -->
<testsuite hostname="M1508486.local" name="admin.sothelabs.testCases.Auction" tests="5" failures="0" timestamp="7 Feb 2019 15:47:21 GMT" time="88.073" errors="0">
  <testcase name="addAndPublishLots" time="26.013" classname="admin.sothelabs.testCases.Auction"/>
  <testcase name="editAuction" time="4.261" classname="admin.sothelabs.testCases.Auction"/>
  <testcase name="createAuction" time="27.620" classname="admin.sothelabs.testCases.Auction"/>
  <testcase name="addAndRemoveLots" time="21.789" classname="admin.sothelabs.testCases.Auction"/>
  <testcase name="publishAuction" time="8.390" classname="admin.sothelabs.testCases.Auction"/>
</testsuite> <!-- admin.sothelabs.testCases.Auction -->
