<?xml version="1.0" encoding="UTF-8"?>
<!-- Generated by org.testng.reporters.JUnitReportReporter -->
<testsuite hostname="M1508486.local" name="admin.sothelabs.testCases.CreateObject" tests="2" failures="0" timestamp="29 Jan 2019 16:12:41 GMT" time="47.666" errors="0">
  <testcase name="editObject" time="27.538" classname="admin.sothelabs.testCases.CreateObject"/>
  <testcase name="createNewObject" time="20.128" classname="admin.sothelabs.testCases.CreateObject"/>
</testsuite> <!-- admin.sothelabs.testCases.CreateObject -->
