<?xml version="1.0" encoding="UTF-8"?>
<!-- Generated by org.testng.reporters.JUnitReportReporter -->
<testsuite hostname="M1508486.local" name="admin.sothelabs.testCases.Auction" tests="5" failures="0" timestamp="29 Jan 2019 16:12:41 GMT" time="83.006" errors="0">
  <testcase name="publishAuction" time="8.340" classname="admin.sothelabs.testCases.Auction"/>
  <testcase name="createAuction" time="25.079" classname="admin.sothelabs.testCases.Auction"/>
  <testcase name="editAuction" time="4.375" classname="admin.sothelabs.testCases.Auction"/>
  <testcase name="addAndPublishLots" time="24.488" classname="admin.sothelabs.testCases.Auction"/>
  <testcase name="addAndRemoveLots" time="20.724" classname="admin.sothelabs.testCases.Auction"/>
</testsuite> <!-- admin.sothelabs.testCases.Auction -->
