<?xml version="1.0" encoding="UTF-8"?>
<!-- Generated by org.testng.reporters.JUnitReportReporter -->
<testsuite hostname="M1508486.local" name="admin.sothelabs.testCases.Consignment" tests="1" failures="0" timestamp="9 Jan 2019 18:04:46 GMT" time="8.560" errors="0">
  <testcase name="createNewConsignment" time="8.560" classname="admin.sothelabs.testCases.Consignment"/>
</testsuite> <!-- admin.sothelabs.testCases.Consignment -->
