<?xml version="1.0" encoding="UTF-8"?>
<!-- Generated by org.testng.reporters.JUnitReportReporter -->
<testsuite hostname="M1508486.local" name="admin.sothelabs.testCases.Consignment" tests="4" failures="0" timestamp="7 Feb 2019 15:47:21 GMT" time="42.261" errors="0">
  <testcase name="addObjectsToConsignment" time="14.506" classname="admin.sothelabs.testCases.Consignment"/>
  <testcase name="removeObjectsFromConsignment" time="6.197" classname="admin.sothelabs.testCases.Consignment"/>
  <testcase name="editConsignment" time="10.313" classname="admin.sothelabs.testCases.Consignment"/>
  <testcase name="createNewConsignment" time="11.245" classname="admin.sothelabs.testCases.Consignment"/>
</testsuite> <!-- admin.sothelabs.testCases.Consignment -->
