<?xml version="1.0" encoding="UTF-8"?>
<!-- Generated by org.testng.reporters.JUnitReportReporter -->
<testsuite hostname="M1508486.local" name="admin.sothelabs.testCases.CreateObject" tests="2" failures="0" timestamp="7 Feb 2019 15:47:21 GMT" time="49.281" errors="0">
  <testcase name="editObject" time="29.154" classname="admin.sothelabs.testCases.CreateObject"/>
  <testcase name="createNewObject" time="20.127" classname="admin.sothelabs.testCases.CreateObject"/>
</testsuite> <!-- admin.sothelabs.testCases.CreateObject -->
